#
# There is insufficient memory for the Java Runtime Environment to continue.
# Native memory allocation (malloc) failed to allocate 139376 bytes. Error detail: Chunk::new
# Possible reasons:
#   The system is out of physical RAM or swap space
#   This process is running with CompressedOops enabled, and the Java Heap may be blocking the growth of the native heap
# Possible solutions:
#   Reduce memory load on the system
#   Increase physical memory or swap space
#   Check if swap backing store is full
#   Decrease Java heap size (-Xmx/-Xms)
#   Decrease number of Java threads
#   Decrease Java thread stack sizes (-Xss)
#   Set larger code cache with -XX:ReservedCodeCacheSize=
#   JVM is running with Unscaled Compressed Oops mode in which the Java heap is
#     placed in the first 4GB address space. The Java Heap base address is the
#     maximum limit for the native heap growth. Please use -XX:HeapBaseMinAddress
#     to set the Java Heap base and to place the Java Heap above 4GB virtual address.
# This output file may be truncated or incomplete.
#
#  Out of Memory Error (arena.cpp:168), pid=20708, tid=26608
#
# JRE version: OpenJDK Runtime Environment (21.0.3) (build 21.0.3+-12282718-b509.11)
# Java VM: OpenJDK 64-Bit Server VM (21.0.3+-12282718-b509.11, mixed mode, tiered, compressed oops, compressed class ptrs, g1 gc, windows-amd64)
# No core dump will be written. Minidumps are not enabled by default on client versions of Windows
#

---------------  S U M M A R Y ------------

Command Line: --add-opens=java.base/java.util=ALL-UNNAMED --add-opens=java.base/java.lang=ALL-UNNAMED --add-opens=java.base/java.lang.invoke=ALL-UNNAMED --add-opens=java.prefs/java.util.prefs=ALL-UNNAMED --add-exports=jdk.compiler/com.sun.tools.javac.api=ALL-UNNAMED --add-exports=jdk.compiler/com.sun.tools.javac.util=ALL-UNNAMED --add-opens=java.base/java.nio.charset=ALL-UNNAMED --add-opens=java.base/java.net=ALL-UNNAMED --add-opens=java.base/java.util.concurrent.atomic=ALL-UNNAMED -Xmx2048m -Dfile.encoding=UTF-8 -Duser.country=GB -Duser.language=en -Duser.variant -javaagent:C:\Users\manis\.gradle\wrapper\dists\gradle-8.9-bin\90cnw93cvbtalezasaz0blq0a\gradle-8.9\lib\agents\gradle-instrumentation-agent-8.9.jar org.gradle.launcher.daemon.bootstrap.GradleDaemon 8.9

Host: 12th Gen Intel(R) Core(TM) i5-12500H, 16 cores, 15G,  Windows 11 , 64 bit Build 26100 (10.0.26100.2454)
Time: Sun Dec 29 22:43:49 2024 Nepal Standard Time elapsed time: 6.257220 seconds (0d 0h 0m 6s)

---------------  T H R E A D  ---------------

Current thread (0x0000025b64c27330):  JavaThread "C2 CompilerThread0" daemon [_thread_in_native, id=26608, stack(0x0000008704800000,0x0000008704900000) (1024K)]


Current CompileTask:
C2:   6257 4087   !   4       java.lang.ClassLoader::addClass (27 bytes)

Stack: [0x0000008704800000,0x0000008704900000]
Native frames: (J=compiled Java code, j=interpreted, Vv=VM code, C=native code)
V  [jvm.dll+0x6cafb9]
V  [jvm.dll+0x858523]
V  [jvm.dll+0x85aa7e]
V  [jvm.dll+0x85b163]
V  [jvm.dll+0x27d356]
V  [jvm.dll+0xbf93d]
V  [jvm.dll+0xbfe73]
V  [jvm.dll+0x3b1cb1]
V  [jvm.dll+0x37e787]
V  [jvm.dll+0x37dbfa]
V  [jvm.dll+0x246b02]
V  [jvm.dll+0x2460d1]
V  [jvm.dll+0x1c5804]
V  [jvm.dll+0x25575c]
V  [jvm.dll+0x253c36]
V  [jvm.dll+0x3ec996]
V  [jvm.dll+0x800d78]
V  [jvm.dll+0x6c98cd]
C  [ucrtbase.dll+0x14ea0]
C  [KERNEL32.DLL+0x2e8d7]
C  [ntdll.dll+0xdfbcc]


---------------  P R O C E S S  ---------------

Threads class SMR info:
_java_thread_list=0x0000025b6c3d7ff0, length=33, elements={
0x0000025b4a724f00, 0x0000025b64c399d0, 0x0000025b64c3d450, 0x0000025b64c210c0,
0x0000025b64c21730, 0x0000025b64c22590, 0x0000025b64c4eea0, 0x0000025b64c27330,
0x0000025b64c27dd0, 0x0000025b64d5d020, 0x0000025b64de6fb0, 0x0000025b651bd640,
0x0000025b6b45f810, 0x0000025b6b401130, 0x0000025b6b5b5900, 0x0000025b6b553230,
0x0000025b6b5538a0, 0x0000025b6b5c62d0, 0x0000025b6b451f70, 0x0000025b6b450530,
0x0000025b6b450bc0, 0x0000025b6b4518e0, 0x0000025b6b452600, 0x0000025b6b44f810,
0x0000025b6b451250, 0x0000025b6b6e8710, 0x0000025b6b6e7360, 0x0000025b6b6e6cd0,
0x0000025b6b6e8080, 0x0000025b6b6e79f0, 0x0000025b6b6e8da0, 0x0000025b6b6e9430,
0x0000025b6b6e5fb0
}

Java Threads: ( => current thread )
  0x0000025b4a724f00 JavaThread "main"                              [_thread_blocked, id=26236, stack(0x0000008703a00000,0x0000008703b00000) (1024K)]
  0x0000025b64c399d0 JavaThread "Reference Handler"          daemon [_thread_blocked, id=27492, stack(0x0000008704200000,0x0000008704300000) (1024K)]
  0x0000025b64c3d450 JavaThread "Finalizer"                  daemon [_thread_blocked, id=30556, stack(0x0000008704300000,0x0000008704400000) (1024K)]
  0x0000025b64c210c0 JavaThread "Signal Dispatcher"          daemon [_thread_blocked, id=29076, stack(0x0000008704400000,0x0000008704500000) (1024K)]
  0x0000025b64c21730 JavaThread "Attach Listener"            daemon [_thread_blocked, id=5084, stack(0x0000008704500000,0x0000008704600000) (1024K)]
  0x0000025b64c22590 JavaThread "Service Thread"             daemon [_thread_blocked, id=6684, stack(0x0000008704600000,0x0000008704700000) (1024K)]
  0x0000025b64c4eea0 JavaThread "Monitor Deflation Thread"   daemon [_thread_blocked, id=1736, stack(0x0000008704700000,0x0000008704800000) (1024K)]
=>0x0000025b64c27330 JavaThread "C2 CompilerThread0"         daemon [_thread_in_native, id=26608, stack(0x0000008704800000,0x0000008704900000) (1024K)]
  0x0000025b64c27dd0 JavaThread "C1 CompilerThread0"         daemon [_thread_blocked, id=16960, stack(0x0000008704900000,0x0000008704a00000) (1024K)]
  0x0000025b64d5d020 JavaThread "C1 CompilerThread1"         daemon [_thread_blocked, id=19692, stack(0x0000008704a00000,0x0000008704b00000) (1024K)]
  0x0000025b64de6fb0 JavaThread "Common-Cleaner"             daemon [_thread_blocked, id=19924, stack(0x0000008704c00000,0x0000008704d00000) (1024K)]
  0x0000025b651bd640 JavaThread "Notification Thread"        daemon [_thread_blocked, id=22316, stack(0x0000008704d00000,0x0000008704e00000) (1024K)]
  0x0000025b6b45f810 JavaThread "Daemon health stats"               [_thread_blocked, id=27792, stack(0x0000008705700000,0x0000008705800000) (1024K)]
  0x0000025b6b401130 JavaThread "Incoming local TCP Connector on port 61479"        [_thread_in_native, id=18292, stack(0x0000008705c00000,0x0000008705d00000) (1024K)]
  0x0000025b6b5b5900 JavaThread "Daemon periodic checks"            [_thread_blocked, id=27848, stack(0x0000008705d00000,0x0000008705e00000) (1024K)]
  0x0000025b6b553230 JavaThread "Daemon"                            [_thread_blocked, id=27780, stack(0x0000008705e00000,0x0000008705f00000) (1024K)]
  0x0000025b6b5538a0 JavaThread "Handler for socket connection from /127.0.0.1:61479 to /127.0.0.1:61480"        [_thread_in_native, id=29460, stack(0x0000008705f00000,0x0000008706000000) (1024K)]
  0x0000025b6b5c62d0 JavaThread "Cancel handler"                    [_thread_blocked, id=28804, stack(0x0000008706000000,0x0000008706100000) (1024K)]
  0x0000025b6b451f70 JavaThread "Daemon worker"                     [_thread_blocked, id=15856, stack(0x0000008706100000,0x0000008706200000) (1024K)]
  0x0000025b6b450530 JavaThread "Asynchronous log dispatcher for DefaultDaemonConnection: socket connection from /127.0.0.1:61479 to /127.0.0.1:61480"        [_thread_blocked, id=21048, stack(0x0000008706200000,0x0000008706300000) (1024K)]
  0x0000025b6b450bc0 JavaThread "Stdin handler"                     [_thread_blocked, id=13632, stack(0x0000008706300000,0x0000008706400000) (1024K)]
  0x0000025b6b4518e0 JavaThread "Daemon client event forwarder"        [_thread_blocked, id=7692, stack(0x0000008706400000,0x0000008706500000) (1024K)]
  0x0000025b6b452600 JavaThread "Cache worker for journal cache (C:\Users\manis\.gradle\caches\journal-1)"        [_thread_blocked, id=24856, stack(0x0000008706a00000,0x0000008706b00000) (1024K)]
  0x0000025b6b44f810 JavaThread "File lock request listener"        [_thread_in_native, id=17120, stack(0x0000008706b00000,0x0000008706c00000) (1024K)]
  0x0000025b6b451250 JavaThread "Cache worker for file hash cache (C:\Users\manis\.gradle\caches\8.9\fileHashes)"        [_thread_blocked, id=30652, stack(0x0000008706c00000,0x0000008706d00000) (1024K)]
  0x0000025b6b6e8710 JavaThread "Cache worker for file hash cache (C:\Users\manis\AndroidStudioProjects\MyTASK\.gradle\8.9\fileHashes)"        [_thread_blocked, id=30016, stack(0x0000008706d00000,0x0000008706e00000) (1024K)]
  0x0000025b6b6e7360 JavaThread "Cache worker for Build Output Cleanup Cache (C:\Users\manis\AndroidStudioProjects\MyTASK\.gradle\buildOutputCleanup)"        [_thread_blocked, id=12752, stack(0x0000008706e00000,0x0000008706f00000) (1024K)]
  0x0000025b6b6e6cd0 JavaThread "File watcher server"        daemon [_thread_in_native, id=8488, stack(0x0000008706f00000,0x0000008707000000) (1024K)]
  0x0000025b6b6e8080 JavaThread "File watcher consumer"      daemon [_thread_blocked, id=25020, stack(0x0000008707000000,0x0000008707100000) (1024K)]
  0x0000025b6b6e79f0 JavaThread "Cache worker for checksums cache (C:\Users\manis\AndroidStudioProjects\MyTASK\.gradle\8.9\checksums)"        [_thread_blocked, id=25960, stack(0x0000008705000000,0x0000008705100000) (1024K)]
  0x0000025b6b6e8da0 JavaThread "Cache worker for file content cache (C:\Users\manis\.gradle\caches\8.9\fileContent)"        [_thread_blocked, id=21132, stack(0x0000008707100000,0x0000008707200000) (1024K)]
  0x0000025b6b6e9430 JavaThread "Cache worker for cache directory md-rule (C:\Users\manis\.gradle\caches\8.9\md-rule)"        [_thread_blocked, id=28996, stack(0x0000008707200000,0x0000008707300000) (1024K)]
  0x0000025b6b6e5fb0 JavaThread "Cache worker for cache directory md-supplier (C:\Users\manis\.gradle\caches\8.9\md-supplier)"        [_thread_blocked, id=9964, stack(0x0000008707300000,0x0000008707400000) (1024K)]
Total: 33

Other Threads:
  0x0000025b64bc5bf0 VMThread "VM Thread"                           [id=6668, stack(0x0000008704100000,0x0000008704200000) (1024K)] _threads_hazard_ptr=0x0000025b6c3d7ff0
  0x0000025b64b70090 WatcherThread "VM Periodic Task Thread"        [id=14000, stack(0x0000008704000000,0x0000008704100000) (1024K)]
  0x0000025b4c0f1c10 WorkerThread "GC Thread#0"                     [id=26308, stack(0x0000008703b00000,0x0000008703c00000) (1024K)]
  0x0000025b6591e6d0 WorkerThread "GC Thread#1"                     [id=16932, stack(0x0000008705100000,0x0000008705200000) (1024K)]
  0x0000025b6591ea70 WorkerThread "GC Thread#2"                     [id=28688, stack(0x0000008705200000,0x0000008705300000) (1024K)]
  0x0000025b65763590 WorkerThread "GC Thread#3"                     [id=30400, stack(0x0000008705300000,0x0000008705400000) (1024K)]
  0x0000025b657c5fa0 WorkerThread "GC Thread#4"                     [id=15280, stack(0x0000008705400000,0x0000008705500000) (1024K)]
  0x0000025b657c6340 WorkerThread "GC Thread#5"                     [id=23880, stack(0x0000008705500000,0x0000008705600000) (1024K)]
  0x0000025b6b4a4830 WorkerThread "GC Thread#6"                     [id=19240, stack(0x0000008705800000,0x0000008705900000) (1024K)]
  0x0000025b6b3aca10 WorkerThread "GC Thread#7"                     [id=19284, stack(0x0000008705900000,0x0000008705a00000) (1024K)]
  0x0000025b6b40d500 WorkerThread "GC Thread#8"                     [id=19220, stack(0x0000008705a00000,0x0000008705b00000) (1024K)]
  0x0000025b6b40cdc0 WorkerThread "GC Thread#9"                     [id=18204, stack(0x0000008705b00000,0x0000008705c00000) (1024K)]
  0x0000025b6b40e380 WorkerThread "GC Thread#10"                    [id=8208, stack(0x0000008706500000,0x0000008706600000) (1024K)]
  0x0000025b6b40dc40 WorkerThread "GC Thread#11"                    [id=28660, stack(0x0000008706600000,0x0000008706700000) (1024K)]
  0x0000025b6b40dfe0 WorkerThread "GC Thread#12"                    [id=28540, stack(0x0000008706700000,0x0000008706800000) (1024K)]
  0x0000025b4c102c60 ConcurrentGCThread "G1 Main Marker"            [id=26004, stack(0x0000008703c00000,0x0000008703d00000) (1024K)]
  0x0000025b4c105200 WorkerThread "G1 Conc#0"                       [id=16112, stack(0x0000008703d00000,0x0000008703e00000) (1024K)]
  0x0000025b6b40d8a0 WorkerThread "G1 Conc#1"                       [id=29604, stack(0x0000008706800000,0x0000008706900000) (1024K)]
  0x0000025b6b40ca20 WorkerThread "G1 Conc#2"                       [id=20056, stack(0x0000008706900000,0x0000008706a00000) (1024K)]
  0x0000025b4c15e980 ConcurrentGCThread "G1 Refine#0"               [id=8564, stack(0x0000008703e00000,0x0000008703f00000) (1024K)]
  0x0000025b648e8550 ConcurrentGCThread "G1 Service"                [id=13932, stack(0x0000008703f00000,0x0000008704000000) (1024K)]
Total: 21

Threads with active compile tasks:
C2 CompilerThread0     6268 4087   !   4       java.lang.ClassLoader::addClass (27 bytes)
C1 CompilerThread1     6268 4105       3       java.util.concurrent.ConcurrentLinkedQueue::poll (84 bytes)
Total: 2

VM state: synchronizing (normal execution)

VM Mutex/Monitor currently owned by a thread:  ([mutex/lock_event])
[0x00007ff818b420c8] Threads_lock - owner thread: 0x0000025b64bc5bf0

Heap address: 0x0000000080000000, size: 2048 MB, Compressed Oops mode: 32-bit

CDS archive(s) not mapped
Compressed class space mapped at: 0x0000000100000000-0x0000000140000000, reserved size: 1073741824
Narrow klass base: 0x0000000000000000, Narrow klass shift: 3, Narrow klass range: 0x140000000

GC Precious Log:
 CardTable entry size: 512
 Card Set container configuration: InlinePtr #cards 5 size 8 Array Of Cards #cards 12 size 40 Howl #buckets 4 coarsen threshold 1843 Howl Bitmap #cards 512 size 80 coarsen threshold 460 Card regions per heap region 1 cards per card region 2048
 CPUs: 16 total, 16 available
 Memory: 16004M
 Large Page Support: Disabled
 NUMA Support: Disabled
 Compressed Oops: Enabled (32-bit)
 Heap Region Size: 1M
 Heap Min Capacity: 8M
 Heap Initial Capacity: 252M
 Heap Max Capacity: 2G
 Pre-touch: Disabled
 Parallel Workers: 13
 Concurrent Workers: 3
 Concurrent Refinement Workers: 13
 Periodic GC: Disabled

Heap:
 garbage-first heap   total 92160K, used 76094K [0x0000000080000000, 0x0000000100000000)
  region size 1024K, 53 young (54272K), 3 survivors (3072K)
 Metaspace       used 44672K, committed 45888K, reserved 1114112K
  class space    used 6007K, committed 6592K, reserved 1048576K

Heap Regions: E=young(eden), S=young(survivor), O=old, HS=humongous(starts), HC=humongous(continues), CS=collection set, F=free, TAMS=top-at-mark-start, PB=parsable bottom
|   0|0x0000000080000000, 0x0000000080100000, 0x0000000080100000|100%|HS|  |TAMS 0x0000000080000000| PB 0x0000000080000000| Complete 
|   1|0x0000000080100000, 0x0000000080200000, 0x0000000080200000|100%|HC|  |TAMS 0x0000000080100000| PB 0x0000000080100000| Complete 
|   2|0x0000000080200000, 0x0000000080300000, 0x0000000080300000|100%|HC|  |TAMS 0x0000000080200000| PB 0x0000000080200000| Complete 
|   3|0x0000000080300000, 0x0000000080400000, 0x0000000080400000|100%|HC|  |TAMS 0x0000000080300000| PB 0x0000000080300000| Complete 
|   4|0x0000000080400000, 0x0000000080500000, 0x0000000080500000|100%| O|  |TAMS 0x0000000080400000| PB 0x0000000080400000| Untracked 
|   5|0x0000000080500000, 0x0000000080600000, 0x0000000080600000|100%| O|  |TAMS 0x0000000080500000| PB 0x0000000080500000| Untracked 
|   6|0x0000000080600000, 0x0000000080700000, 0x0000000080700000|100%| O|  |TAMS 0x0000000080600000| PB 0x0000000080600000| Untracked 
|   7|0x0000000080700000, 0x0000000080800000, 0x0000000080800000|100%| O|  |TAMS 0x0000000080700000| PB 0x0000000080700000| Untracked 
|   8|0x0000000080800000, 0x0000000080900000, 0x0000000080900000|100%| O|  |TAMS 0x0000000080800000| PB 0x0000000080800000| Untracked 
|   9|0x0000000080900000, 0x0000000080a00000, 0x0000000080a00000|100%| O|  |TAMS 0x0000000080900000| PB 0x0000000080900000| Untracked 
|  10|0x0000000080a00000, 0x0000000080b00000, 0x0000000080b00000|100%|HS|  |TAMS 0x0000000080a00000| PB 0x0000000080a00000| Complete 
|  11|0x0000000080b00000, 0x0000000080c00000, 0x0000000080c00000|100%| O|  |TAMS 0x0000000080b00000| PB 0x0000000080b00000| Untracked 
|  12|0x0000000080c00000, 0x0000000080d00000, 0x0000000080d00000|100%| O|  |TAMS 0x0000000080c00000| PB 0x0000000080c00000| Untracked 
|  13|0x0000000080d00000, 0x0000000080e00000, 0x0000000080e00000|100%| O|  |TAMS 0x0000000080d00000| PB 0x0000000080d00000| Untracked 
|  14|0x0000000080e00000, 0x0000000080f00000, 0x0000000080f00000|100%| O|  |TAMS 0x0000000080e00000| PB 0x0000000080e00000| Untracked 
|  15|0x0000000080f00000, 0x0000000081000000, 0x0000000081000000|100%| O|  |TAMS 0x0000000080f00000| PB 0x0000000080f00000| Untracked 
|  16|0x0000000081000000, 0x0000000081100000, 0x0000000081100000|100%| O|  |TAMS 0x0000000081000000| PB 0x0000000081000000| Untracked 
|  17|0x0000000081100000, 0x0000000081200000, 0x0000000081200000|100%| O|  |TAMS 0x0000000081100000| PB 0x0000000081100000| Untracked 
|  18|0x0000000081200000, 0x0000000081300000, 0x0000000081300000|100%| O|  |TAMS 0x0000000081200000| PB 0x0000000081200000| Untracked 
|  19|0x0000000081300000, 0x0000000081400000, 0x0000000081400000|100%| O|  |TAMS 0x0000000081300000| PB 0x0000000081300000| Untracked 
|  20|0x0000000081400000, 0x0000000081500000, 0x0000000081500000|100%| O|Cm|TAMS 0x0000000081400000| PB 0x0000000081400000| Complete 
|  21|0x0000000081500000, 0x0000000081600000, 0x0000000081600000|100%| O|  |TAMS 0x0000000081500000| PB 0x0000000081500000| Untracked 
|  22|0x0000000081600000, 0x0000000081700000, 0x0000000081700000|100%| O|  |TAMS 0x0000000081600000| PB 0x0000000081600000| Untracked 
|  23|0x0000000081700000, 0x00000000817968e8, 0x0000000081800000| 58%| O|  |TAMS 0x0000000081700000| PB 0x0000000081700000| Untracked 
|  24|0x0000000081800000, 0x0000000081800000, 0x0000000081900000|  0%| F|  |TAMS 0x0000000081800000| PB 0x0000000081800000| Untracked 
|  25|0x0000000081900000, 0x0000000081900000, 0x0000000081a00000|  0%| F|  |TAMS 0x0000000081900000| PB 0x0000000081900000| Untracked 
|  26|0x0000000081a00000, 0x0000000081a00000, 0x0000000081b00000|  0%| F|  |TAMS 0x0000000081a00000| PB 0x0000000081a00000| Untracked 
|  27|0x0000000081b00000, 0x0000000081b00000, 0x0000000081c00000|  0%| F|  |TAMS 0x0000000081b00000| PB 0x0000000081b00000| Untracked 
|  28|0x0000000081c00000, 0x0000000081c00000, 0x0000000081d00000|  0%| F|  |TAMS 0x0000000081c00000| PB 0x0000000081c00000| Untracked 
|  29|0x0000000081d00000, 0x0000000081d00000, 0x0000000081e00000|  0%| F|  |TAMS 0x0000000081d00000| PB 0x0000000081d00000| Untracked 
|  30|0x0000000081e00000, 0x0000000081e00000, 0x0000000081f00000|  0%| F|  |TAMS 0x0000000081e00000| PB 0x0000000081e00000| Untracked 
|  31|0x0000000081f00000, 0x0000000081f00000, 0x0000000082000000|  0%| F|  |TAMS 0x0000000081f00000| PB 0x0000000081f00000| Untracked 
|  32|0x0000000082000000, 0x0000000082000000, 0x0000000082100000|  0%| F|  |TAMS 0x0000000082000000| PB 0x0000000082000000| Untracked 
|  33|0x0000000082100000, 0x0000000082100000, 0x0000000082200000|  0%| F|  |TAMS 0x0000000082100000| PB 0x0000000082100000| Untracked 
|  34|0x0000000082200000, 0x0000000082200000, 0x0000000082300000|  0%| F|  |TAMS 0x0000000082200000| PB 0x0000000082200000| Untracked 
|  35|0x0000000082300000, 0x0000000082300000, 0x0000000082400000|  0%| F|  |TAMS 0x0000000082300000| PB 0x0000000082300000| Untracked 
|  36|0x0000000082400000, 0x0000000082400000, 0x0000000082500000|  0%| F|  |TAMS 0x0000000082400000| PB 0x0000000082400000| Untracked 
|  37|0x0000000082500000, 0x000000008257e310, 0x0000000082600000| 49%| E|  |TAMS 0x0000000082500000| PB 0x0000000082500000| Complete 
|  38|0x0000000082600000, 0x00000000826bdf20, 0x0000000082700000| 74%| E|  |TAMS 0x0000000082600000| PB 0x0000000082600000| Complete 
|  39|0x0000000082700000, 0x0000000082800000, 0x0000000082800000|100%| E|CS|TAMS 0x0000000082700000| PB 0x0000000082700000| Complete 
|  40|0x0000000082800000, 0x0000000082900000, 0x0000000082900000|100%| E|CS|TAMS 0x0000000082800000| PB 0x0000000082800000| Complete 
|  41|0x0000000082900000, 0x0000000082a00000, 0x0000000082a00000|100%| E|CS|TAMS 0x0000000082900000| PB 0x0000000082900000| Complete 
|  42|0x0000000082a00000, 0x0000000082b00000, 0x0000000082b00000|100%| E|CS|TAMS 0x0000000082a00000| PB 0x0000000082a00000| Complete 
|  43|0x0000000082b00000, 0x0000000082c00000, 0x0000000082c00000|100%| E|CS|TAMS 0x0000000082b00000| PB 0x0000000082b00000| Complete 
|  44|0x0000000082c00000, 0x0000000082d00000, 0x0000000082d00000|100%| E|CS|TAMS 0x0000000082c00000| PB 0x0000000082c00000| Complete 
|  45|0x0000000082d00000, 0x0000000082e00000, 0x0000000082e00000|100%| E|CS|TAMS 0x0000000082d00000| PB 0x0000000082d00000| Complete 
|  46|0x0000000082e00000, 0x0000000082f00000, 0x0000000082f00000|100%| E|CS|TAMS 0x0000000082e00000| PB 0x0000000082e00000| Complete 
|  47|0x0000000082f00000, 0x0000000083000000, 0x0000000083000000|100%| E|CS|TAMS 0x0000000082f00000| PB 0x0000000082f00000| Complete 
|  48|0x0000000083000000, 0x0000000083100000, 0x0000000083100000|100%| E|CS|TAMS 0x0000000083000000| PB 0x0000000083000000| Complete 
|  49|0x0000000083100000, 0x0000000083200000, 0x0000000083200000|100%| E|CS|TAMS 0x0000000083100000| PB 0x0000000083100000| Complete 
|  50|0x0000000083200000, 0x0000000083300000, 0x0000000083300000|100%| E|CS|TAMS 0x0000000083200000| PB 0x0000000083200000| Complete 
|  51|0x0000000083300000, 0x0000000083400000, 0x0000000083400000|100%| E|CS|TAMS 0x0000000083300000| PB 0x0000000083300000| Complete 
|  52|0x0000000083400000, 0x0000000083500000, 0x0000000083500000|100%| E|CS|TAMS 0x0000000083400000| PB 0x0000000083400000| Complete 
|  53|0x0000000083500000, 0x0000000083600000, 0x0000000083600000|100%| E|CS|TAMS 0x0000000083500000| PB 0x0000000083500000| Complete 
|  54|0x0000000083600000, 0x0000000083700000, 0x0000000083700000|100%| E|CS|TAMS 0x0000000083600000| PB 0x0000000083600000| Complete 
|  55|0x0000000083700000, 0x0000000083800000, 0x0000000083800000|100%| E|CS|TAMS 0x0000000083700000| PB 0x0000000083700000| Complete 
|  56|0x0000000083800000, 0x0000000083900000, 0x0000000083900000|100%| E|CS|TAMS 0x0000000083800000| PB 0x0000000083800000| Complete 
|  57|0x0000000083900000, 0x0000000083a00000, 0x0000000083a00000|100%| E|CS|TAMS 0x0000000083900000| PB 0x0000000083900000| Complete 
|  58|0x0000000083a00000, 0x0000000083b00000, 0x0000000083b00000|100%| E|CS|TAMS 0x0000000083a00000| PB 0x0000000083a00000| Complete 
|  59|0x0000000083b00000, 0x0000000083c00000, 0x0000000083c00000|100%| E|CS|TAMS 0x0000000083b00000| PB 0x0000000083b00000| Complete 
|  60|0x0000000083c00000, 0x0000000083d00000, 0x0000000083d00000|100%| E|CS|TAMS 0x0000000083c00000| PB 0x0000000083c00000| Complete 
|  61|0x0000000083d00000, 0x0000000083e00000, 0x0000000083e00000|100%| E|CS|TAMS 0x0000000083d00000| PB 0x0000000083d00000| Complete 
|  62|0x0000000083e00000, 0x0000000083f00000, 0x0000000083f00000|100%| E|CS|TAMS 0x0000000083e00000| PB 0x0000000083e00000| Complete 
|  63|0x0000000083f00000, 0x0000000084000000, 0x0000000084000000|100%| E|CS|TAMS 0x0000000083f00000| PB 0x0000000083f00000| Complete 
|  64|0x0000000084000000, 0x0000000084100000, 0x0000000084100000|100%| E|CS|TAMS 0x0000000084000000| PB 0x0000000084000000| Complete 
|  65|0x0000000084100000, 0x0000000084200000, 0x0000000084200000|100%| E|CS|TAMS 0x0000000084100000| PB 0x0000000084100000| Complete 
|  66|0x0000000084200000, 0x0000000084300000, 0x0000000084300000|100%| E|CS|TAMS 0x0000000084200000| PB 0x0000000084200000| Complete 
|  67|0x0000000084300000, 0x0000000084400000, 0x0000000084400000|100%| E|CS|TAMS 0x0000000084300000| PB 0x0000000084300000| Complete 
|  68|0x0000000084400000, 0x0000000084500000, 0x0000000084500000|100%| E|CS|TAMS 0x0000000084400000| PB 0x0000000084400000| Complete 
|  69|0x0000000084500000, 0x0000000084600000, 0x0000000084600000|100%| E|CS|TAMS 0x0000000084500000| PB 0x0000000084500000| Complete 
|  70|0x0000000084600000, 0x0000000084700000, 0x0000000084700000|100%| E|CS|TAMS 0x0000000084600000| PB 0x0000000084600000| Complete 
|  71|0x0000000084700000, 0x0000000084800000, 0x0000000084800000|100%| E|CS|TAMS 0x0000000084700000| PB 0x0000000084700000| Complete 
|  72|0x0000000084800000, 0x0000000084900000, 0x0000000084900000|100%| E|CS|TAMS 0x0000000084800000| PB 0x0000000084800000| Complete 
|  73|0x0000000084900000, 0x0000000084a00000, 0x0000000084a00000|100%| E|CS|TAMS 0x0000000084900000| PB 0x0000000084900000| Complete 
|  74|0x0000000084a00000, 0x0000000084b00000, 0x0000000084b00000|100%| E|CS|TAMS 0x0000000084a00000| PB 0x0000000084a00000| Complete 
|  75|0x0000000084b00000, 0x0000000084c00000, 0x0000000084c00000|100%| E|CS|TAMS 0x0000000084b00000| PB 0x0000000084b00000| Complete 
|  76|0x0000000084c00000, 0x0000000084d00000, 0x0000000084d00000|100%| E|CS|TAMS 0x0000000084c00000| PB 0x0000000084c00000| Complete 
|  77|0x0000000084d00000, 0x0000000084e00000, 0x0000000084e00000|100%| E|CS|TAMS 0x0000000084d00000| PB 0x0000000084d00000| Complete 
|  78|0x0000000084e00000, 0x0000000084f00000, 0x0000000084f00000|100%| E|CS|TAMS 0x0000000084e00000| PB 0x0000000084e00000| Complete 
| 229|0x000000008e500000, 0x000000008e600000, 0x000000008e600000|100%| E|CS|TAMS 0x000000008e500000| PB 0x000000008e500000| Complete 
| 230|0x000000008e600000, 0x000000008e700000, 0x000000008e700000|100%| E|CS|TAMS 0x000000008e600000| PB 0x000000008e600000| Complete 
| 231|0x000000008e700000, 0x000000008e800000, 0x000000008e800000|100%| E|CS|TAMS 0x000000008e700000| PB 0x000000008e700000| Complete 
| 232|0x000000008e800000, 0x000000008e900000, 0x000000008e900000|100%| E|CS|TAMS 0x000000008e800000| PB 0x000000008e800000| Complete 
| 233|0x000000008e900000, 0x000000008ea00000, 0x000000008ea00000|100%| E|CS|TAMS 0x000000008e900000| PB 0x000000008e900000| Complete 
| 234|0x000000008ea00000, 0x000000008eab92c0, 0x000000008eb00000| 72%| S|CS|TAMS 0x000000008ea00000| PB 0x000000008ea00000| Complete 
| 235|0x000000008eb00000, 0x000000008ec00000, 0x000000008ec00000|100%| S|CS|TAMS 0x000000008eb00000| PB 0x000000008eb00000| Complete 
| 236|0x000000008ec00000, 0x000000008ed00000, 0x000000008ed00000|100%| S|CS|TAMS 0x000000008ec00000| PB 0x000000008ec00000| Complete 
| 237|0x000000008ed00000, 0x000000008ee00000, 0x000000008ee00000|100%| E|CS|TAMS 0x000000008ed00000| PB 0x000000008ed00000| Complete 
| 238|0x000000008ee00000, 0x000000008ef00000, 0x000000008ef00000|100%| E|CS|TAMS 0x000000008ee00000| PB 0x000000008ee00000| Complete 
| 251|0x000000008fb00000, 0x000000008fc00000, 0x000000008fc00000|100%| E|CS|TAMS 0x000000008fb00000| PB 0x000000008fb00000| Complete 

Card table byte_map: [0x0000025b5f630000,0x0000025b5fa30000] _byte_map_base: 0x0000025b5f230000

Marking Bits: (CMBitMap*) 0x0000025b4c0f2220
 Bits: [0x0000025b5fa30000, 0x0000025b61a30000)

Polling page: 0x0000025b4c160000

Metaspace:

Usage:
  Non-class:     37.76 MB used.
      Class:      5.87 MB used.
       Both:     43.63 MB used.

Virtual space:
  Non-class space:       64.00 MB reserved,      38.38 MB ( 60%) committed,  1 nodes.
      Class space:        1.00 GB reserved,       6.44 MB ( <1%) committed,  1 nodes.
             Both:        1.06 GB reserved,      44.81 MB (  4%) committed. 

Chunk freelists:
   Non-Class:  9.48 MB
       Class:  9.48 MB
        Both:  18.97 MB

MaxMetaspaceSize: unlimited
CompressedClassSpaceSize: 1.00 GB
Initial GC threshold: 21.00 MB
Current GC threshold: 59.19 MB
CDS: off
 - commit_granule_bytes: 65536.
 - commit_granule_words: 8192.
 - virtual_space_node_default_size: 8388608.
 - enlarge_chunks_in_place: 1.
 - use_allocation_guard: 0.


Internal statistics:

num_allocs_failed_limit: 9.
num_arena_births: 2092.
num_arena_deaths: 0.
num_vsnodes_births: 2.
num_vsnodes_deaths: 0.
num_space_committed: 717.
num_space_uncommitted: 0.
num_chunks_returned_to_freelist: 9.
num_chunks_taken_from_freelist: 3664.
num_chunk_merges: 9.
num_chunk_splits: 2390.
num_chunks_enlarged: 1479.
num_inconsistent_stats: 0.

CodeHeap 'non-profiled nmethods': size=119168Kb used=1975Kb max_used=1975Kb free=117192Kb
 bounds [0x0000025b56e10000, 0x0000025b57080000, 0x0000025b5e270000]
CodeHeap 'profiled nmethods': size=119104Kb used=7424Kb max_used=7424Kb free=111680Kb
 bounds [0x0000025b4f270000, 0x0000025b4f9c0000, 0x0000025b566c0000]
CodeHeap 'non-nmethods': size=7488Kb used=2069Kb max_used=3242Kb free=5418Kb
 bounds [0x0000025b566c0000, 0x0000025b56a00000, 0x0000025b56e10000]
 total_blobs=4296 nmethods=3700 adapters=498
 compilation: enabled
              stopped_count=0, restarted_count=0
 full_count=0

Compilation events (20 events):
Event: 4.915 Thread 0x0000025b64d5d020 nmethod 4095 0x0000025b4f9a4e10 code [0x0000025b4f9a4fc0, 0x0000025b4f9a51f0]
Event: 4.946 Thread 0x0000025b64d5d020 4096       3       java.util.concurrent.locks.AbstractQueuedSynchronizer$Node::getAndUnsetStatus (14 bytes)
Event: 4.946 Thread 0x0000025b64d5d020 nmethod 4096 0x0000025b4f9a5310 code [0x0000025b4f9a54e0, 0x0000025b4f9a5790]
Event: 4.992 Thread 0x0000025b64d5d020 4097       3       java.util.concurrent.locks.ReentrantLock$NonfairSync::tryAcquire (27 bytes)
Event: 4.992 Thread 0x0000025b64d5d020 nmethod 4097 0x0000025b4f9a5890 code [0x0000025b4f9a5a60, 0x0000025b4f9a5ce8]
Event: 5.008 Thread 0x0000025b64c27dd0 4098       3       java.util.concurrent.locks.ReentrantLock::lockInterruptibly (8 bytes)
Event: 5.008 Thread 0x0000025b64d5d020 4099       3       java.util.concurrent.locks.ReentrantLock$Sync::lockInterruptibly (27 bytes)
Event: 5.008 Thread 0x0000025b64d5d020 nmethod 4099 0x0000025b4f9a5d90 code [0x0000025b4f9a5fa0, 0x0000025b4f9a64c8]
Event: 5.008 Thread 0x0000025b64d5d020 4100   !   3       java.util.concurrent.locks.LockSupport::parkNanos (56 bytes)
Event: 5.008 Thread 0x0000025b64c27dd0 nmethod 4098 0x0000025b4f9a6690 code [0x0000025b4f9a68a0, 0x0000025b4f9a6e30]
Event: 5.009 Thread 0x0000025b64d5d020 nmethod 4100 0x0000025b4f9a7010 code [0x0000025b4f9a7220, 0x0000025b4f9a7660]
Event: 5.039 Thread 0x0000025b64d5d020 4101       3       java.util.concurrent.locks.AbstractQueuedSynchronizer$Node::clearStatus (12 bytes)
Event: 5.039 Thread 0x0000025b64c27dd0 4102       3       jdk.internal.misc.Unsafe::putIntOpaque (9 bytes)
Event: 5.039 Thread 0x0000025b64c27dd0 nmethod 4102 0x0000025b4f9a7810 code [0x0000025b4f9a79a0, 0x0000025b4f9a7ab8]
Event: 5.039 Thread 0x0000025b64c27dd0 4104   !   3       java.util.concurrent.locks.AbstractQueuedSynchronizer::acquire (424 bytes)
Event: 5.039 Thread 0x0000025b64d5d020 nmethod 4101 0x0000025b4f9a7b90 code [0x0000025b4f9a7d40, 0x0000025b4f9a7ef0]
Event: 5.041 Thread 0x0000025b64c27dd0 nmethod 4104 0x0000025b4f9a7f90 code [0x0000025b4f9a8360, 0x0000025b4f9a9d38]
Event: 5.086 Thread 0x0000025b64d5d020 4105       3       java.util.concurrent.ConcurrentLinkedQueue::poll (84 bytes)
Event: 5.086 Thread 0x0000025b64c27dd0 4106       3       java.util.concurrent.ConcurrentLinkedQueue::updateHead (26 bytes)
Event: 5.086 Thread 0x0000025b64c27dd0 nmethod 4106 0x0000025b4f9aa590 code [0x0000025b4f9aa900, 0x0000025b4f9abec0]

GC Heap History (14 events):
Event: 0.309 GC heap before
{Heap before GC invocations=0 (full 0):
 garbage-first heap   total 258048K, used 26624K [0x0000000080000000, 0x0000000100000000)
  region size 1024K, 23 young (23552K), 0 survivors (0K)
 Metaspace       used 7982K, committed 8128K, reserved 1114112K
  class space    used 712K, committed 768K, reserved 1048576K
}
Event: 0.312 GC heap after
{Heap after GC invocations=1 (full 0):
 garbage-first heap   total 258048K, used 10332K [0x0000000080000000, 0x0000000100000000)
  region size 1024K, 3 young (3072K), 3 survivors (3072K)
 Metaspace       used 7982K, committed 8128K, reserved 1114112K
  class space    used 712K, committed 768K, reserved 1048576K
}
Event: 0.653 GC heap before
{Heap before GC invocations=1 (full 0):
 garbage-first heap   total 258048K, used 42076K [0x0000000080000000, 0x0000000100000000)
  region size 1024K, 34 young (34816K), 3 survivors (3072K)
 Metaspace       used 12107K, committed 12288K, reserved 1114112K
  class space    used 1279K, committed 1408K, reserved 1048576K
}
Event: 0.656 GC heap after
{Heap after GC invocations=2 (full 0):
 garbage-first heap   total 258048K, used 11908K [0x0000000080000000, 0x0000000100000000)
  region size 1024K, 2 young (2048K), 2 survivors (2048K)
 Metaspace       used 12107K, committed 12288K, reserved 1114112K
  class space    used 1279K, committed 1408K, reserved 1048576K
}
Event: 1.125 GC heap before
{Heap before GC invocations=2 (full 0):
 garbage-first heap   total 258048K, used 66180K [0x0000000080000000, 0x0000000100000000)
  region size 1024K, 53 young (54272K), 2 survivors (2048K)
 Metaspace       used 17768K, committed 18048K, reserved 1114112K
  class space    used 2039K, committed 2176K, reserved 1048576K
}
Event: 1.130 GC heap after
{Heap after GC invocations=3 (full 0):
 garbage-first heap   total 258048K, used 19057K [0x0000000080000000, 0x0000000100000000)
  region size 1024K, 7 young (7168K), 7 survivors (7168K)
 Metaspace       used 17768K, committed 18048K, reserved 1114112K
  class space    used 2039K, committed 2176K, reserved 1048576K
}
Event: 1.316 GC heap before
{Heap before GC invocations=3 (full 0):
 garbage-first heap   total 258048K, used 31345K [0x0000000080000000, 0x0000000100000000)
  region size 1024K, 20 young (20480K), 7 survivors (7168K)
 Metaspace       used 21209K, committed 21504K, reserved 1114112K
  class space    used 2458K, committed 2624K, reserved 1048576K
}
Event: 1.319 GC heap after
{Heap after GC invocations=4 (full 0):
 garbage-first heap   total 258048K, used 21295K [0x0000000080000000, 0x0000000100000000)
  region size 1024K, 10 young (10240K), 10 survivors (10240K)
 Metaspace       used 21209K, committed 21504K, reserved 1114112K
  class space    used 2458K, committed 2624K, reserved 1048576K
}
Event: 2.144 GC heap before
{Heap before GC invocations=5 (full 0):
 garbage-first heap   total 78848K, used 77615K [0x0000000080000000, 0x0000000100000000)
  region size 1024K, 65 young (66560K), 10 survivors (10240K)
 Metaspace       used 30197K, committed 30848K, reserved 1114112K
  class space    used 3922K, committed 4224K, reserved 1048576K
}
Event: 2.150 GC heap after
{Heap after GC invocations=6 (full 0):
 garbage-first heap   total 92160K, used 24360K [0x0000000080000000, 0x0000000100000000)
  region size 1024K, 13 young (13312K), 13 survivors (13312K)
 Metaspace       used 30197K, committed 30848K, reserved 1114112K
  class space    used 3922K, committed 4224K, reserved 1048576K
}
Event: 2.564 GC heap before
{Heap before GC invocations=6 (full 0):
 garbage-first heap   total 92160K, used 61224K [0x0000000080000000, 0x0000000100000000)
  region size 1024K, 50 young (51200K), 13 survivors (13312K)
 Metaspace       used 35201K, committed 35968K, reserved 1114112K
  class space    used 4739K, committed 5120K, reserved 1048576K
}
Event: 2.569 GC heap after
{Heap after GC invocations=7 (full 0):
 garbage-first heap   total 92160K, used 26602K [0x0000000080000000, 0x0000000100000000)
  region size 1024K, 6 young (6144K), 6 survivors (6144K)
 Metaspace       used 35201K, committed 35968K, reserved 1114112K
  class space    used 4739K, committed 5120K, reserved 1048576K
}
Event: 2.591 GC heap before
{Heap before GC invocations=7 (full 0):
 garbage-first heap   total 92160K, used 28650K [0x0000000080000000, 0x0000000100000000)
  region size 1024K, 9 young (9216K), 6 survivors (6144K)
 Metaspace       used 35508K, committed 36288K, reserved 1114112K
  class space    used 4792K, committed 5184K, reserved 1048576K
}
Event: 2.594 GC heap after
{Heap after GC invocations=8 (full 0):
 garbage-first heap   total 92160K, used 26942K [0x0000000080000000, 0x0000000100000000)
  region size 1024K, 3 young (3072K), 3 survivors (3072K)
 Metaspace       used 35508K, committed 36288K, reserved 1114112K
  class space    used 4792K, committed 5184K, reserved 1048576K
}

Dll operation events (3 events):
Event: 0.009 Loaded shared library C:\Program Files\Android\Android Studio\jbr\bin\java.dll
Event: 0.012 Loaded shared library C:\Program Files\Android\Android Studio\jbr\bin\zip.dll
Event: 0.320 Loaded shared library C:\Program Files\Android\Android Studio\jbr\bin\verify.dll

Deoptimization events (20 events):
Event: 3.052 Thread 0x0000025b6b451f70 DEOPT PACKING pc=0x0000025b56fd99a0 sp=0x00000087061f05f0
Event: 3.052 Thread 0x0000025b6b451f70 DEOPT UNPACKING pc=0x0000025b567146a2 sp=0x00000087061f0590 mode 2
Event: 3.052 Thread 0x0000025b6b451f70 Uncommon trap: trap_request=0xffffff45 fr.pc=0x0000025b56fdce78 relative=0x0000000000000958
Event: 3.052 Thread 0x0000025b6b451f70 Uncommon trap: reason=unstable_if action=reinterpret pc=0x0000025b56fdce78 method=jdk.internal.org.objectweb.asm.MethodWriter.visitInsn(I)V @ 24 c2
Event: 3.052 Thread 0x0000025b6b451f70 DEOPT PACKING pc=0x0000025b56fdce78 sp=0x00000087061f05e0
Event: 3.052 Thread 0x0000025b6b451f70 DEOPT UNPACKING pc=0x0000025b567146a2 sp=0x00000087061f05c8 mode 2
Event: 3.053 Thread 0x0000025b6b451f70 Uncommon trap: trap_request=0xffffff45 fr.pc=0x0000025b56f5da30 relative=0x0000000000001370
Event: 3.053 Thread 0x0000025b6b451f70 Uncommon trap: reason=unstable_if action=reinterpret pc=0x0000025b56f5da30 method=java.lang.invoke.LambdaForm.useCount(Ljava/lang/invoke/LambdaForm$Name;)I @ 8 c2
Event: 3.053 Thread 0x0000025b6b451f70 DEOPT PACKING pc=0x0000025b56f5da30 sp=0x00000087061f6050
Event: 3.053 Thread 0x0000025b6b451f70 DEOPT UNPACKING pc=0x0000025b567146a2 sp=0x00000087061f5eb0 mode 2
Event: 3.129 Thread 0x0000025b6b451f70 Uncommon trap: trap_request=0xffffffc6 fr.pc=0x0000025b56febe18 relative=0x0000000000000238
Event: 3.129 Thread 0x0000025b6b451f70 Uncommon trap: reason=bimorphic_or_optimized_type_check action=maybe_recompile pc=0x0000025b56febe18 method=java.util.regex.Pattern$BmpCharProperty.match(Ljava/util/regex/Matcher;ILjava/lang/CharSequence;)Z @ 19 c2
Event: 3.129 Thread 0x0000025b6b451f70 DEOPT PACKING pc=0x0000025b56febe18 sp=0x00000087061f86b0
Event: 3.129 Thread 0x0000025b6b451f70 DEOPT UNPACKING pc=0x0000025b567146a2 sp=0x00000087061f8648 mode 2
Event: 3.129 Thread 0x0000025b6b451f70 Uncommon trap: trap_request=0xffffffc6 fr.pc=0x0000025b56febe18 relative=0x0000000000000238
Event: 3.129 Thread 0x0000025b6b451f70 Uncommon trap: reason=bimorphic_or_optimized_type_check action=maybe_recompile pc=0x0000025b56febe18 method=java.util.regex.Pattern$BmpCharProperty.match(Ljava/util/regex/Matcher;ILjava/lang/CharSequence;)Z @ 19 c2
Event: 3.129 Thread 0x0000025b6b451f70 DEOPT PACKING pc=0x0000025b56febe18 sp=0x00000087061f86b0
Event: 3.129 Thread 0x0000025b6b451f70 DEOPT UNPACKING pc=0x0000025b567146a2 sp=0x00000087061f8648 mode 2
Event: 4.193 Thread 0x0000025b6b451f70 DEOPT PACKING pc=0x0000025b4f7f6d29 sp=0x00000087061f8620
Event: 4.193 Thread 0x0000025b6b451f70 DEOPT UNPACKING pc=0x0000025b56714e42 sp=0x00000087061f7b20 mode 0

Classes loaded (20 events):
Event: 4.213 Loading class java/util/Hashtable$EntrySet
Event: 4.213 Loading class java/util/Hashtable$EntrySet done
Event: 4.216 Loading class java/util/concurrent/locks/ReentrantReadWriteLock
Event: 4.216 Loading class java/util/concurrent/locks/ReadWriteLock
Event: 4.216 Loading class java/util/concurrent/locks/ReadWriteLock done
Event: 4.216 Loading class java/util/concurrent/locks/ReentrantReadWriteLock done
Event: 4.218 Loading class java/util/ServiceConfigurationError
Event: 4.219 Loading class java/util/ServiceConfigurationError done
Event: 4.219 Loading class java/util/concurrent/locks/ReentrantReadWriteLock$NonfairSync
Event: 4.219 Loading class java/util/concurrent/locks/ReentrantReadWriteLock$Sync
Event: 4.219 Loading class java/util/concurrent/locks/ReentrantReadWriteLock$Sync done
Event: 4.219 Loading class java/util/concurrent/locks/ReentrantReadWriteLock$NonfairSync done
Event: 4.219 Loading class java/util/concurrent/locks/ReentrantReadWriteLock$Sync$ThreadLocalHoldCounter
Event: 4.219 Loading class java/util/concurrent/locks/ReentrantReadWriteLock$Sync$ThreadLocalHoldCounter done
Event: 4.219 Loading class java/util/concurrent/locks/ReentrantReadWriteLock$ReadLock
Event: 4.219 Loading class java/util/concurrent/locks/ReentrantReadWriteLock$ReadLock done
Event: 4.219 Loading class java/util/concurrent/locks/ReentrantReadWriteLock$WriteLock
Event: 4.219 Loading class java/util/concurrent/locks/ReentrantReadWriteLock$WriteLock done
Event: 4.233 Loading class java/util/concurrent/locks/StampedLock
Event: 4.233 Loading class java/util/concurrent/locks/StampedLock done

Classes unloaded (0 events):
No events

Classes redefined (0 events):
No events

Internal exceptions (20 events):
Event: 2.905 Thread 0x0000025b6b451f70 Exception <a 'java/lang/NoSuchMethodError'{0x0000000083fb1760}: 'java.lang.Object java.lang.invoke.DirectMethodHandle$Holder.invokeStatic(java.lang.Object, java.lang.Object, java.lang.Object, java.lang.Object, java.lang.Object, java.lang.Object, java.lang.Object, java.lang.Object, java.lang.Object, java.lang.Object, java.lang.Object, java.lang.Object, java.lang.Object, java.lang.Object, java.lang.Object, java.lang.Object, java.lang.Object, java.lang.Object, java.lang.Object, java.lang.Object, java.lang.Obj
Event: 2.914 Thread 0x0000025b6b451f70 Exception <a 'java/lang/NoSuchMethodError'{0x0000000083e519b0}: 'java.lang.Object java.lang.invoke.DirectMethodHandle$Holder.newInvokeSpecial(java.lang.Object, java.lang.Object, java.lang.Object, java.lang.Object, java.lang.Object, java.lang.Object, java.lang.Object, java.lang.Object, java.lang.Object, java.lang.Object, java.lang.Object, java.lang.Object, java.lang.Object, java.lang.Object, java.lang.Object, java.lang.Object, java.lang.Object, java.lang.Object, java.lang.Object, java.lang.Object)'> (0x0000
Event: 2.914 Thread 0x0000025b6b451f70 Exception <a 'java/lang/NoSuchMethodError'{0x0000000083e585f8}: 'java.lang.Object java.lang.invoke.DirectMethodHandle$Holder.invokeSpecial(java.lang.Object, java.lang.Object, java.lang.Object, java.lang.Object, java.lang.Object, java.lang.Object, java.lang.Object, java.lang.Object, java.lang.Object, java.lang.Object, java.lang.Object, java.lang.Object, java.lang.Object, java.lang.Object, java.lang.Object, java.lang.Object, java.lang.Object, java.lang.Object, java.lang.Object, java.lang.Object, java.lang.Ob
Event: 2.915 Thread 0x0000025b6b451f70 Exception <a 'java/lang/NoSuchMethodError'{0x0000000083e5e038}: 'java.lang.Object java.lang.invoke.DelegatingMethodHandle$Holder.reinvoke_L(java.lang.Object, java.lang.Object, java.lang.Object, java.lang.Object, java.lang.Object, java.lang.Object, java.lang.Object, java.lang.Object, java.lang.Object, java.lang.Object, java.lang.Object, java.lang.Object, java.lang.Object, java.lang.Object, java.lang.Object, java.lang.Object, java.lang.Object, java.lang.Object, java.lang.Object, java.lang.Object)'> (0x000000
Event: 2.924 Thread 0x0000025b6b451f70 Exception <a 'java/lang/NoSuchMethodError'{0x0000000083da83c0}: 'java.lang.Object java.lang.invoke.DirectMethodHandle$Holder.newInvokeSpecial(java.lang.Object, java.lang.Object, java.lang.Object, java.lang.Object, java.lang.Object, java.lang.Object, java.lang.Object, java.lang.Object, java.lang.Object, java.lang.Object, java.lang.Object, java.lang.Object)'> (0x0000000083da83c0) 
thrown [s\src\hotspot\share\interpreter\linkResolver.cpp, line 784]
Event: 2.961 Thread 0x0000025b6b451f70 Exception <a 'java/lang/NoSuchMethodError'{0x0000000083af4768}: 'java.lang.Object java.lang.invoke.DirectMethodHandle$Holder.newInvokeSpecial(java.lang.Object, java.lang.Object, java.lang.Object, java.lang.Object, java.lang.Object, java.lang.Object, java.lang.Object, java.lang.Object, java.lang.Object)'> (0x0000000083af4768) 
thrown [s\src\hotspot\share\interpreter\linkResolver.cpp, line 784]
Event: 3.052 Thread 0x0000025b6b451f70 Implicit null exception at 0x0000025b56f24034 to 0x0000025b56f24554
Event: 3.052 Thread 0x0000025b6b451f70 Implicit null exception at 0x0000025b56fd9618 to 0x0000025b56fd9994
Event: 3.052 Thread 0x0000025b6b451f70 Implicit null exception at 0x0000025b56fdc5ac to 0x0000025b56fdce68
Event: 3.052 Thread 0x0000025b6b451f70 Exception <a 'java/lang/NoSuchMethodError'{0x00000000834737d8}: 'java.lang.reflect.Method[] java.lang.Class.getDeclaredMethods(java.lang.Class)'> (0x00000000834737d8) 
thrown [s\src\hotspot\share\interpreter\linkResolver.cpp, line 784]
Event: 3.079 Thread 0x0000025b6b451f70 Exception <a 'java/lang/NoSuchMethodError'{0x00000000833b2b50}: 'void java.lang.invoke.DirectMethodHandle$Holder.invokeStaticInit(java.lang.Object, java.lang.Object, java.lang.Object)'> (0x00000000833b2b50) 
thrown [s\src\hotspot\share\interpreter\linkResolver.cpp, line 784]
Event: 3.080 Thread 0x0000025b6b451f70 Exception <a 'java/lang/NoSuchMethodError'{0x00000000833d6b08}: 'void java.lang.invoke.DirectMethodHandle$Holder.invokeStaticInit(java.lang.Object, java.lang.Object, java.lang.Object, java.lang.Object, java.lang.Object)'> (0x00000000833d6b08) 
thrown [s\src\hotspot\share\interpreter\linkResolver.cpp, line 784]
Event: 3.086 Thread 0x0000025b6b451f70 Exception <a 'java/lang/NoSuchMethodError'{0x000000008322e680}: 'int java.lang.invoke.DirectMethodHandle$Holder.invokeStaticInit(java.lang.Object, java.lang.Object, java.lang.Object, java.lang.Object)'> (0x000000008322e680) 
thrown [s\src\hotspot\share\interpreter\linkResolver.cpp, line 784]
Event: 4.208 Thread 0x0000025b6b451f70 Exception <a 'java/lang/ClassNotFoundException'{0x0000000082928030}: groovy/lang/ExpandoMetaClassBeanInfo> (0x0000000082928030) 
thrown [s\src\hotspot\share\classfile\systemDictionary.cpp, line 312]
Event: 4.208 Thread 0x0000025b6b451f70 Exception <a 'java/lang/ClassNotFoundException'{0x00000000829300f8}: groovy/lang/MetaClassImplBeanInfo> (0x00000000829300f8) 
thrown [s\src\hotspot\share\classfile\systemDictionary.cpp, line 312]
Event: 4.208 Thread 0x0000025b6b451f70 Exception <a 'java/lang/ClassNotFoundException'{0x0000000082934980}: java/lang/ObjectBeanInfo> (0x0000000082934980) 
thrown [s\src\hotspot\share\classfile\systemDictionary.cpp, line 312]
Event: 4.209 Thread 0x0000025b6b451f70 Exception <a 'java/lang/ClassNotFoundException'{0x000000008293a248}: java/lang/ObjectCustomizer> (0x000000008293a248) 
thrown [s\src\hotspot\share\classfile\systemDictionary.cpp, line 312]
Event: 4.210 Thread 0x0000025b6b451f70 Exception <a 'java/lang/IncompatibleClassChangeError'{0x0000000082948518}: Found class java.lang.Object, but interface was expected> (0x0000000082948518) 
thrown [s\src\hotspot\share\interpreter\linkResolver.cpp, line 851]
Event: 4.212 Thread 0x0000025b6b451f70 Exception <a 'java/lang/ClassNotFoundException'{0x0000000082962030}: groovy/lang/MetaClassImplCustomizer> (0x0000000082962030) 
thrown [s\src\hotspot\share\classfile\systemDictionary.cpp, line 312]
Event: 4.213 Thread 0x0000025b6b451f70 Exception <a 'java/lang/ClassNotFoundException'{0x0000000082989f78}: groovy/lang/ExpandoMetaClassCustomizer> (0x0000000082989f78) 
thrown [s\src\hotspot\share\classfile\systemDictionary.cpp, line 312]

ZGC Phase Switch (0 events):
No events

VM Operations (20 events):
Event: 2.569 Executing VM operation: CollectForMetadataAllocation (Metadata GC Threshold) done
Event: 2.591 Executing VM operation: CollectForMetadataAllocation (Metadata GC Threshold)
Event: 2.594 Executing VM operation: CollectForMetadataAllocation (Metadata GC Threshold) done
Event: 2.599 Executing VM operation: G1PauseRemark
Event: 2.602 Executing VM operation: G1PauseRemark done
Event: 2.604 Executing VM operation: G1PauseCleanup
Event: 2.604 Executing VM operation: G1PauseCleanup done
Event: 2.714 Executing VM operation: HandshakeAllThreads (Deoptimize)
Event: 2.714 Executing VM operation: HandshakeAllThreads (Deoptimize) done
Event: 2.837 Executing VM operation: HandshakeAllThreads (Deoptimize)
Event: 2.837 Executing VM operation: HandshakeAllThreads (Deoptimize) done
Event: 3.047 Executing VM operation: HandshakeAllThreads (Deoptimize)
Event: 3.047 Executing VM operation: HandshakeAllThreads (Deoptimize) done
Event: 3.084 Executing VM operation: ICBufferFull
Event: 3.084 Executing VM operation: ICBufferFull done
Event: 3.143 Executing VM operation: HandshakeAllThreads (Deoptimize)
Event: 3.144 Executing VM operation: HandshakeAllThreads (Deoptimize) done
Event: 4.153 Executing VM operation: Cleanup
Event: 4.153 Executing VM operation: Cleanup done
Event: 5.164 Executing VM operation: Cleanup

Events (20 events):
Event: 2.601 Thread 0x0000025b64bc5bf0 flushing nmethod 0x0000025b56e39910
Event: 2.601 Thread 0x0000025b64bc5bf0 flushing nmethod 0x0000025b56e38c90
Event: 2.601 Thread 0x0000025b64bc5bf0 flushing nmethod 0x0000025b56e40590
Event: 2.601 Thread 0x0000025b64bc5bf0 flushing nmethod 0x0000025b56e48d90
Event: 2.601 Thread 0x0000025b64bc5bf0 flushing nmethod 0x0000025b56e48390
Event: 2.601 Thread 0x0000025b64bc5bf0 flushing nmethod 0x0000025b56e3f310
Event: 2.601 Thread 0x0000025b64bc5bf0 flushing nmethod 0x0000025b56e48090
Event: 2.601 Thread 0x0000025b64bc5bf0 flushing nmethod 0x0000025b56e3f010
Event: 2.601 Thread 0x0000025b64bc5bf0 flushing nmethod 0x0000025b56e36e90
Event: 2.601 Thread 0x0000025b64bc5bf0 flushing nmethod 0x0000025b56e23690
Event: 2.601 Thread 0x0000025b64bc5bf0 flushing nmethod 0x0000025b56e1cc10
Event: 2.601 Thread 0x0000025b64bc5bf0 flushing nmethod 0x0000025b56e19510
Event: 2.601 Thread 0x0000025b64bc5bf0 flushing nmethod 0x0000025b56e18c10
Event: 2.637 Thread 0x0000025b6b6e8da0 Thread added: 0x0000025b6b6e8da0
Event: 2.773 Thread 0x0000025b6b6e9430 Thread added: 0x0000025b6b6e9430
Event: 2.886 Thread 0x0000025b6b6e5fb0 Thread added: 0x0000025b6b6e5fb0
Event: 3.249 Thread 0x0000025b6539cc10 Thread exited: 0x0000025b6539cc10
Event: 3.265 Thread 0x0000025b652bff40 Thread exited: 0x0000025b652bff40
Event: 4.044 Thread 0x0000025b6539d2e0 Thread exited: 0x0000025b6539d2e0
Event: 4.044 Thread 0x0000025b64d5d6d0 Thread exited: 0x0000025b64d5d6d0


Dynamic libraries:
0x00007ff739960000 - 0x00007ff73996a000 	C:\Program Files\Android\Android Studio\jbr\bin\java.exe
0x00007ff87cb20000 - 0x00007ff87cd83000 	C:\WINDOWS\SYSTEM32\ntdll.dll
0x00007ff87bbc0000 - 0x00007ff87bc88000 	C:\WINDOWS\System32\KERNEL32.DLL
0x00007ff87a340000 - 0x00007ff87a6f2000 	C:\WINDOWS\System32\KERNELBASE.dll
0x00007ff87a790000 - 0x00007ff87a8db000 	C:\WINDOWS\System32\ucrtbase.dll
0x00007ff82c250000 - 0x00007ff82c268000 	C:\Program Files\Android\Android Studio\jbr\bin\jli.dll
0x00007ff854d70000 - 0x00007ff854d8b000 	C:\Program Files\Android\Android Studio\jbr\bin\VCRUNTIME140.dll
0x00007ff87c020000 - 0x00007ff87c1e8000 	C:\WINDOWS\System32\USER32.dll
0x00007ff879020000 - 0x00007ff8792b0000 	C:\WINDOWS\WinSxS\amd64_microsoft.windows.common-controls_6595b64144ccf1df_6.0.26100.2454_none_3e0b68a2e331ad60\COMCTL32.dll
0x00007ff87a060000 - 0x00007ff87a087000 	C:\WINDOWS\System32\win32u.dll
0x00007ff87aaf0000 - 0x00007ff87ab99000 	C:\WINDOWS\System32\msvcrt.dll
0x00007ff87b970000 - 0x00007ff87b99a000 	C:\WINDOWS\System32\GDI32.dll
0x00007ff87a090000 - 0x00007ff87a1bb000 	C:\WINDOWS\System32\gdi32full.dll
0x00007ff879ef0000 - 0x00007ff879f93000 	C:\WINDOWS\System32\msvcp_win.dll
0x00007ff87bea0000 - 0x00007ff87becf000 	C:\WINDOWS\System32\IMM32.DLL
0x00007ff872a30000 - 0x00007ff872a3c000 	C:\Program Files\Android\Android Studio\jbr\bin\vcruntime140_1.dll
0x00007ff8169e0000 - 0x00007ff816a6d000 	C:\Program Files\Android\Android Studio\jbr\bin\msvcp140.dll
0x00007ff817fa0000 - 0x00007ff818c1d000 	C:\Program Files\Android\Android Studio\jbr\bin\server\jvm.dll
0x00007ff87b830000 - 0x00007ff87b8e4000 	C:\WINDOWS\System32\ADVAPI32.dll
0x00007ff87bf40000 - 0x00007ff87bfe6000 	C:\WINDOWS\System32\sechost.dll
0x00007ff87bd80000 - 0x00007ff87be96000 	C:\WINDOWS\System32\RPCRT4.dll
0x00007ff87b9a0000 - 0x00007ff87ba14000 	C:\WINDOWS\System32\WS2_32.dll
0x00007ff879760000 - 0x00007ff8797ae000 	C:\WINDOWS\SYSTEM32\POWRPROF.dll
0x00007ff8695e0000 - 0x00007ff869616000 	C:\WINDOWS\SYSTEM32\WINMM.dll
0x00007ff872360000 - 0x00007ff87236b000 	C:\WINDOWS\SYSTEM32\VERSION.dll
0x00007ff879400000 - 0x00007ff879414000 	C:\WINDOWS\SYSTEM32\UMPDC.dll
0x00007ff878470000 - 0x00007ff87848a000 	C:\WINDOWS\SYSTEM32\kernel.appcore.dll
0x00007ff868f90000 - 0x00007ff868f9a000 	C:\Program Files\Android\Android Studio\jbr\bin\jimage.dll
0x00007ff8797c0000 - 0x00007ff879a01000 	C:\WINDOWS\SYSTEM32\DBGHELP.DLL
0x00007ff87ae40000 - 0x00007ff87b1be000 	C:\WINDOWS\System32\combase.dll
0x00007ff87a980000 - 0x00007ff87aa56000 	C:\WINDOWS\System32\OLEAUT32.dll
0x00007ff879620000 - 0x00007ff879659000 	C:\WINDOWS\SYSTEM32\dbgcore.DLL
0x00007ff87a8e0000 - 0x00007ff87a979000 	C:\WINDOWS\System32\bcryptPrimitives.dll
0x00007ff842170000 - 0x00007ff84217e000 	C:\Program Files\Android\Android Studio\jbr\bin\instrument.dll
0x00007ff84d060000 - 0x00007ff84d07f000 	C:\Program Files\Android\Android Studio\jbr\bin\java.dll
0x00007ff82d4c0000 - 0x00007ff82d4d8000 	C:\Program Files\Android\Android Studio\jbr\bin\zip.dll
0x00007ff87c1f0000 - 0x00007ff87c8f0000 	C:\WINDOWS\System32\SHELL32.dll
0x00007ff877180000 - 0x00007ff8779b1000 	C:\WINDOWS\SYSTEM32\windows.storage.dll
0x00007ff87bc90000 - 0x00007ff87bd6a000 	C:\WINDOWS\System32\SHCORE.dll
0x00007ff87bee0000 - 0x00007ff87bf3d000 	C:\WINDOWS\System32\shlwapi.dll
0x00007ff879e00000 - 0x00007ff879e2e000 	C:\WINDOWS\SYSTEM32\profapi.dll
0x00007ff863570000 - 0x00007ff863580000 	C:\Program Files\Android\Android Studio\jbr\bin\net.dll
0x00007ff8753c0000 - 0x00007ff8754e6000 	C:\WINDOWS\SYSTEM32\WINHTTP.dll
0x00007ff878d00000 - 0x00007ff878d68000 	C:\WINDOWS\system32\mswsock.dll
0x00007ff82ccb0000 - 0x00007ff82ccc6000 	C:\Program Files\Android\Android Studio\jbr\bin\nio.dll
0x00007ff84b790000 - 0x00007ff84b7a0000 	C:\Program Files\Android\Android Studio\jbr\bin\verify.dll
0x00007ff8576b0000 - 0x00007ff8576d7000 	C:\Users\manis\.gradle\native\c067742578af261105cb4f569cf0c3c89f3d7b1fecec35dd04571415982c5e48\windows-amd64\native-platform.dll
0x00007ff8161a0000 - 0x00007ff8162e4000 	C:\Users\manis\.gradle\native\100fb08df4bc3b14c8652ba06237920a3bd2aa13389f12d3474272988ae205f9\windows-amd64\native-platform-file-events.dll
0x00007ff860f40000 - 0x00007ff860f49000 	C:\Program Files\Android\Android Studio\jbr\bin\management.dll
0x00007ff855030000 - 0x00007ff85503b000 	C:\Program Files\Android\Android Studio\jbr\bin\management_ext.dll
0x00007ff87ad80000 - 0x00007ff87ad88000 	C:\WINDOWS\System32\PSAPI.DLL
0x00007ff879b30000 - 0x00007ff879b4c000 	C:\WINDOWS\SYSTEM32\CRYPTSP.dll
0x00007ff878590000 - 0x00007ff8785c8000 	C:\WINDOWS\system32\rsaenh.dll
0x00007ff878e30000 - 0x00007ff878e5b000 	C:\WINDOWS\SYSTEM32\USERENV.dll
0x00007ff8796f0000 - 0x00007ff879716000 	C:\WINDOWS\SYSTEM32\bcrypt.dll
0x00007ff878df0000 - 0x00007ff878dfc000 	C:\WINDOWS\SYSTEM32\CRYPTBASE.dll
0x00007ff877ef0000 - 0x00007ff877f22000 	C:\WINDOWS\SYSTEM32\IPHLPAPI.DLL
0x00007ff87aa60000 - 0x00007ff87aa6a000 	C:\WINDOWS\System32\NSI.dll
0x00007ff860ff0000 - 0x00007ff860ff9000 	C:\Program Files\Android\Android Studio\jbr\bin\extnet.dll
0x00007ff86db60000 - 0x00007ff86db68000 	C:\WINDOWS\system32\wshunix.dll

dbghelp: loaded successfully - version: 4.0.5 - missing functions: none
symbol engine: initialized successfully - sym options: 0x614 - pdb path: .;C:\Program Files\Android\Android Studio\jbr\bin;C:\WINDOWS\SYSTEM32;C:\WINDOWS\WinSxS\amd64_microsoft.windows.common-controls_6595b64144ccf1df_6.0.26100.2454_none_3e0b68a2e331ad60;C:\Program Files\Android\Android Studio\jbr\bin\server;C:\Users\manis\.gradle\native\c067742578af261105cb4f569cf0c3c89f3d7b1fecec35dd04571415982c5e48\windows-amd64;C:\Users\manis\.gradle\native\100fb08df4bc3b14c8652ba06237920a3bd2aa13389f12d3474272988ae205f9\windows-amd64

VM Arguments:
jvm_args: --add-opens=java.base/java.util=ALL-UNNAMED --add-opens=java.base/java.lang=ALL-UNNAMED --add-opens=java.base/java.lang.invoke=ALL-UNNAMED --add-opens=java.prefs/java.util.prefs=ALL-UNNAMED --add-exports=jdk.compiler/com.sun.tools.javac.api=ALL-UNNAMED --add-exports=jdk.compiler/com.sun.tools.javac.util=ALL-UNNAMED --add-opens=java.base/java.nio.charset=ALL-UNNAMED --add-opens=java.base/java.net=ALL-UNNAMED --add-opens=java.base/java.util.concurrent.atomic=ALL-UNNAMED -Xmx2048m -Dfile.encoding=UTF-8 -Duser.country=GB -Duser.language=en -Duser.variant -javaagent:C:\Users\manis\.gradle\wrapper\dists\gradle-8.9-bin\90cnw93cvbtalezasaz0blq0a\gradle-8.9\lib\agents\gradle-instrumentation-agent-8.9.jar 
java_command: org.gradle.launcher.daemon.bootstrap.GradleDaemon 8.9
java_class_path (initial): C:\Users\manis\.gradle\wrapper\dists\gradle-8.9-bin\90cnw93cvbtalezasaz0blq0a\gradle-8.9\lib\gradle-daemon-main-8.9.jar
Launcher Type: SUN_STANDARD

[Global flags]
     intx CICompilerCount                          = 12                                        {product} {ergonomic}
     uint ConcGCThreads                            = 3                                         {product} {ergonomic}
     uint G1ConcRefinementThreads                  = 13                                        {product} {ergonomic}
   size_t G1HeapRegionSize                         = 1048576                                   {product} {ergonomic}
    uintx GCDrainStackTargetSize                   = 64                                        {product} {ergonomic}
   size_t InitialHeapSize                          = 264241152                                 {product} {ergonomic}
   size_t MarkStackSize                            = 4194304                                   {product} {ergonomic}
   size_t MaxHeapSize                              = 2147483648                                {product} {command line}
   size_t MaxNewSize                               = 1287651328                                {product} {ergonomic}
   size_t MinHeapDeltaBytes                        = 1048576                                   {product} {ergonomic}
   size_t MinHeapSize                              = 8388608                                   {product} {ergonomic}
    uintx NonNMethodCodeHeapSize                   = 7602480                                {pd product} {ergonomic}
    uintx NonProfiledCodeHeapSize                  = 122027880                              {pd product} {ergonomic}
    uintx ProfiledCodeHeapSize                     = 122027880                              {pd product} {ergonomic}
    uintx ReservedCodeCacheSize                    = 251658240                              {pd product} {ergonomic}
     bool SegmentedCodeCache                       = true                                      {product} {ergonomic}
   size_t SoftMaxHeapSize                          = 2147483648                             {manageable} {ergonomic}
     bool UseCompressedOops                        = true                           {product lp64_product} {ergonomic}
     bool UseG1GC                                  = true                                      {product} {ergonomic}
     bool UseLargePagesIndividualAllocation        = false                                  {pd product} {ergonomic}

Logging:
Log output configuration:
 #0: stdout all=warning uptime,level,tags foldmultilines=false
 #1: stderr all=off uptime,level,tags foldmultilines=false

Environment Variables:
PATH=C:\Program Files\Common Files\Oracle\Java\javapath;C:\Windows\system32;C:\Windows;C:\Windows\System32\Wbem;C:\Windows\System32\WindowsPowerShell\v1.0\;C:\Windows\System32\OpenSSH\;C:\Program Files (x86)\NVIDIA Corporation\PhysX\Common;C:\Program Files\NVIDIA Corporation\NVIDIA NvDLISR;C:\Program Files\dotnet\;C:\Program Files\Git\cmd;C:\WINDOWS\system32;C:\WINDOWS;C:\WINDOWS\System32\Wbem;C:\WINDOWS\System32\WindowsPowerShell\v1.0\;C:\WINDOWS\System32\OpenSSH\;C:\Program Files\nodejs\;C:\Program Files\MySQL\MySQL Shell 8.0\bin\;C:\Users\manis\AppData\Local\Programs\Python\Python38\Scripts\;C:\Users\manis\AppData\Local\Programs\Python\Python38\;C:\Users\manis\AppData\Local\Microsoft\WindowsApps;;C:\Users\manis\AppData\Local\Programs\Microsoft VS Code\bin;C:\Users\manis\AppData\Roaming\npm
USERNAME=manis
OS=Windows_NT
PROCESSOR_IDENTIFIER=Intel64 Family 6 Model 154 Stepping 3, GenuineIntel
TMP=C:\Users\manis\AppData\Local\Temp
TEMP=C:\Users\manis\AppData\Local\Temp




Periodic native trim disabled

JNI global refs:
JNI global refs: 32, weak refs: 0

JNI global refs memory usage: 835, weak refs: 201

Process memory usage:
Resident Set Size: 225404K (1% of 16388972K total physical memory with 2177880K free physical memory)

OOME stack traces (most recent first):
Classloader memory used:
Loader bootstrap                                                                       : 20311K
Loader org.gradle.internal.classloader.VisitableURLClassLoader                         : 19770K
Loader org.gradle.initialization.MixInLegacyTypesClassLoader                           : 4134K
Loader jdk.internal.loader.ClassLoaders$PlatformClassLoader                            : 244K
Loader jdk.internal.loader.ClassLoaders$AppClassLoader                                 : 230K

Classes loaded by more than one classloader:
Class org.gradle.internal.classloader.FilteringClassLoader                            : loaded 2 times (x 102B)
Class org.gradle.internal.classloader.ClassLoaderHierarchy                            : loaded 2 times (x 67B)
Class org.gradle.api.internal.classpath.ManifestUtil                                  : loaded 2 times (x 68B)
Class org.gradle.internal.classloader.DefaultClassLoaderFactory                       : loaded 2 times (x 79B)
Class org.gradle.internal.classloader.ClassLoaderVisitor                              : loaded 2 times (x 73B)
Class org.gradle.api.internal.classpath.EffectiveClassPath                            : loaded 2 times (x 87B)
Class org.gradle.api.internal.DefaultClassPathProvider                                : loaded 2 times (x 73B)
Class [Lorg.gradle.api.internal.ClassPathProvider;                                    : loaded 2 times (x 66B)
Class org.gradle.api.internal.ClassPathProvider                                       : loaded 2 times (x 67B)
Class org.gradle.internal.service.UnknownServiceException                             : loaded 2 times (x 80B)
Class org.gradle.internal.classpath.TransformedClassPath                              : loaded 2 times (x 93B)
Class org.gradle.internal.service.ServiceLocator                                      : loaded 2 times (x 67B)
Class org.gradle.internal.InternalTransformer                                         : loaded 2 times (x 67B)
Class org.gradle.internal.classloader.ClasspathUtil$1                                 : loaded 2 times (x 73B)
Class org.gradle.api.internal.classpath.DefaultModuleRegistry$DefaultModule           : loaded 2 times (x 83B)
Class org.gradle.api.internal.classpath.Module                                        : loaded 2 times (x 67B)
Class org.gradle.api.internal.classpath.UnknownModuleException                        : loaded 2 times (x 79B)
Class org.gradle.api.internal.DefaultClassPathRegistry                                : loaded 2 times (x 73B)
Class org.gradle.api.internal.ClassPathRegistry                                       : loaded 2 times (x 67B)
Class org.gradle.internal.classpath.DefaultClassPath$ImmutableUniqueList              : loaded 2 times (x 196B)
Class org.gradle.internal.classpath.ClassPath                                         : loaded 2 times (x 67B)
Class org.gradle.api.UncheckedIOException                                             : loaded 2 times (x 79B)
Class org.gradle.internal.installation.GradleInstallation$1                           : loaded 2 times (x 72B)
Class org.gradle.api.internal.classpath.ModuleRegistry                                : loaded 2 times (x 67B)
Class org.gradle.api.internal.classpath.DefaultModuleRegistry                         : loaded 2 times (x 80B)
Class org.gradle.internal.service.ServiceLookupException                              : loaded 2 times (x 79B)
Class org.gradle.internal.classloader.ClassLoaderFactory                              : loaded 2 times (x 67B)
Class org.gradle.internal.service.CachingServiceLocator                               : loaded 2 times (x 79B)
Class org.gradle.internal.classloader.ClasspathUtil                                   : loaded 2 times (x 68B)
Class org.gradle.api.specs.Spec                                                       : loaded 2 times (x 67B)
Class org.gradle.internal.classloader.VisitableURLClassLoader$InstrumentingVisitableURLClassLoader: loaded 2 times (x 120B)
Class org.gradle.internal.classloader.VisitableURLClassLoader$Spec                    : loaded 2 times (x 71B)
Class org.gradle.internal.classpath.DefaultClassPath                                  : loaded 2 times (x 87B)
Class org.gradle.internal.classloader.ClassLoaderSpec                                 : loaded 2 times (x 68B)
Class org.gradle.internal.classloader.VisitableURLClassLoader                         : loaded 2 times (x 114B)
Class org.gradle.internal.Cast                                                        : loaded 2 times (x 68B)
Class org.gradle.api.Action                                                           : loaded 2 times (x 67B)
Class org.gradle.internal.agents.InstrumentingClassLoader                             : loaded 2 times (x 67B)
Class org.gradle.internal.classpath.DefaultClassPath$ImmutableUniqueList$Builder      : loaded 2 times (x 72B)
Class org.gradle.api.GradleException                                                  : loaded 2 times (x 79B)
Class org.gradle.internal.IoActions                                                   : loaded 2 times (x 68B)
Class org.gradle.internal.classloader.SystemClassLoaderSpec                           : loaded 2 times (x 68B)
Class org.gradle.internal.installation.CurrentGradleInstallationLocator               : loaded 2 times (x 68B)
Class org.gradle.internal.service.DefaultServiceLocator                               : loaded 2 times (x 80B)
Class org.gradle.internal.installation.CurrentGradleInstallation                      : loaded 2 times (x 70B)
Class org.gradle.util.internal.GUtil                                                  : loaded 2 times (x 68B)
Class org.gradle.internal.installation.GradleInstallation                             : loaded 2 times (x 72B)

---------------  S Y S T E M  ---------------

OS:
 Windows 11 , 64 bit Build 26100 (10.0.26100.2454)
OS uptime: 0 days 1:32 hours
Hyper-V role detected

CPU: total 16 (initial active 16) (8 cores per cpu, 2 threads per core) family 6 model 154 stepping 3 microcode 0x423, cx8, cmov, fxsr, ht, mmx, 3dnowpref, sse, sse2, sse3, ssse3, sse4.1, sse4.2, popcnt, lzcnt, tsc, tscinvbit, avx, avx2, aes, erms, clmul, bmi1, bmi2, adx, sha, fma, vzeroupper, clflush, clflushopt, clwb, hv, serialize, rdtscp, rdpid, fsrm, f16c, cet_ibt, cet_ss
Processor Information for all 16 processors :
  Max Mhz: 2500, Current Mhz: 2500, Mhz Limit: 2500

Memory: 4k page, system-wide physical 16004M (2126M free)
TotalPageFile size 24196M (AvailPageFile size 28M)
current process WorkingSet (physical memory assigned to process): 220M, peak: 247M
current process commit charge ("private bytes"): 270M, peak: 396M

vm_info: OpenJDK 64-Bit Server VM (21.0.3+-12282718-b509.11) for windows-amd64 JRE (21.0.3+-12282718-b509.11), built on 2024-08-27T17:34:15Z by "builder" with MS VC++ 16.10 / 16.11 (VS2019)

END.
